<?xml version="1.0" encoding="UTF-8"?>
<testsuite name="org.example.DataProviderParameterized" tests="2" skipped="0" failures="0" errors="0" timestamp="2024-06-06T14:23:11" hostname="KOS-HOME" time="15.231">
  <properties/>
  <testcase name="loginTest[0](catharinekosovets2189@gmail.com, kk25474kk)" classname="org.example.DataProviderParameterized" time="6.415"/>
  <testcase name="loginTest[1](evinasenla@gmail.com, kk25474kk)" classname="org.example.DataProviderParameterized" time="3.003"/>
  <system-out><![CDATA[]]></system-out>
  <system-err><![CDATA[июн. 06, 2024 5:23:11 PM org.openqa.selenium.devtools.CdpVersionFinder findNearestMatch
WARNING: Unable to find an exact match for CDP version 125, returning the closest version; found: 123; Please update to a Selenium version that supports CDP version 125
июн. 06, 2024 5:23:20 PM org.openqa.selenium.devtools.CdpVersionFinder findNearestMatch
WARNING: Unable to find an exact match for CDP version 125, returning the closest version; found: 123; Please update to a Selenium version that supports CDP version 125
]]></system-err>
</testsuite>
